pru0.p(   75) : 0x0000 = Label      : START:
pru0.p(   77) : 0x0000 = 0x91042480 :     lbco     r0, c4, 4, 4
pru0.p(   78) : 0x0001 = 0x1d04e0e0 :     clr      r0, r0, 4
pru0.p(   79) : 0x0002 = 0x81042480 :     sbco     r0, c4, 4, 4
pru0.p(   82) : 0x0003 = 0x1d06fefe :     clr      r30, r30, 6
pru0.p(   84) : 0x0004 = 0x240000f2 :     mov      R18, 0
pru0.p(   85) : 0x0005 = 0x248000d1 :     mov      R17, #0x80000000
pru0.p(   85) : 0x0006 = 0x24000091 :     mov      R17, #0x80000000
pru0.p(   87) : 0x0007 = 0x244830c0 :     mov      r0, 0x48300180
pru0.p(   87) : 0x0008 = 0x24018080 :     mov      r0, 0x48300180
pru0.p(   88) : 0x0009 = 0xf1002093 :     lbbo     R19, r0, 0, 4
pru0.p(   89) : 0x000a = 0x248000c0 :     mov      r0, #0x80000000
pru0.p(   89) : 0x000b = 0x24000080 :     mov      r0, #0x80000000
pru0.p(   90) : 0x000c = 0x00e0f3f3 :     add      R19, R19, r0
pru0.p(   92) : 0x000d = 0x248000d0 :     mov      R16, #0x80000000
pru0.p(   92) : 0x000e = 0x24000090 :     mov      R16, #0x80000000
pru0.p(   94) : 0x000f = Label      : MAIN_LOOP:
pru0.p(   96) : 0x000f = 0x9300b888 :     lbco     r8, c24, 0, 7*4
pru0.p(   97) : 0x0010 = 0x6900e854 :     qbne     EXIT, R8, #0x00
pru0.p(   99) : 0x0011 = 0x244830c0 :     mov      r0, 0x48300180
pru0.p(   99) : 0x0012 = 0x24018080 :     mov      r0, 0x48300180
pru0.p(  100) : 0x0013 = 0xf100208f :     lbbo     R15, r0, 0, 4
pru0.p(  101) : 0x0014 = 0x248000c0 :     mov      r0, #0x80000000
pru0.p(  101) : 0x0015 = 0x24000080 :     mov      r0, #0x80000000
pru0.p(  102) : 0x0016 = 0x00e0efef :     add      R15, R15, r0
pru0.p(  104) : 0x0017 = 0x5101ea4a :     qbeq     CONTINUE, R10, #0x01
pru0.p(  106) : 0x0018 = 0x48eff303 :     qblt     BACKWARD, R19, R15
pru0.p(  107) : 0x0019 = 0x60eff325 :     qbgt     FORWARD, R19, R15
pru0.p(  108) : 0x001a = 0x79000047 :     qba      CONTINUE
pru0.p(  110) : 0x001b = Label      : BACKWARD:
pru0.p(  111) : 0x001b = 0x04eff3f4 :     sub      R20, R19, R15
pru0.p(  113) : 0x001c = Label      : BACKWARD_LOOP:
pru0.p(  115) : 0x001c = 0x04edf2f2 :     sub      R18, R18, R13
pru0.p(  116) : 0x001d = 0x06ecf1f1 :     suc      R17, R17, R12
pru0.p(  118) : 0x001e = 0x248000d5 :     mov      R21, #0x80000000
pru0.p(  118) : 0x001f = 0x24000095 :     mov      R21, #0x80000000
pru0.p(  119) : 0x0020 = 0x04eef5f5 :     sub      R21, R21, R14
pru0.p(  120) : 0x0021 = 0x58f5f102 :     qble     BACKWARD_CONTINUE, R17, R21
pru0.p(  121) : 0x0022 = 0x2300279e :     call     BACKWARD_STEPS
pru0.p(  123) : 0x0023 = Label      : BACKWARD_CONTINUE:
pru0.p(  124) : 0x0023 = 0x5100f43e :     qbeq     CONTINUE, R20, #0x00
pru0.p(  125) : 0x0024 = 0x0501f4f4 :     sub      R20, R20, #0x01
pru0.p(  126) : 0x0025 = 0x6f00f4f7 :     qbne     BACKWARD_LOOP, R20, #0x00
pru0.p(  128) : 0x0026 = 0x7900003b :     qba      CONTINUE
pru0.p(  130) : 0x0027 = Label      : BACKWARD_STEPS:
pru0.p(  131) : 0x0027 = 0x0501f0f0 :     sub      R16, R16, #0x01
pru0.p(  133) : 0x0028 = 0x240000f8 :     mov      R24, 0x00
pru0.p(  134) : 0x0029 = 0x50f8f609 :     qbeq     __skip_wait_dir_0_1_, R22, R24
pru0.p(  134) : 0x002a = 0x10f8f8f6 :     mov      R22, R24
pru0.p(  134) : 0x002b = 0x5100f803 :     qbeq     __set_dir_forw_0_1_, R24, #0x00
pru0.p(  134) : 0x002c = 0x1d0efefe :     clr      r30, r30, 14
pru0.p(  134) : 0x002d = 0x79000002 :     qba      __set_dir_back_0_1_
pru0.p(  134) : 0x002e = Label      : __set_dir_forw_0_1_:
pru0.p(  134) : 0x002e = 0x1f0efefe :     set      r30, r30, 14
pru0.p(  134) : 0x002f = Label      : __set_dir_back_0_1_:
pru0.p(  134) : 0x002f = 0x241000f7 :     mov      R23, #0x1000
pru0.p(  134) : 0x0030 = Label      : __wait_dir_0_1_:
pru0.p(  134) : 0x0030 = 0x0501f7f7 :     sub      R23, R23, #0x01
pru0.p(  134) : 0x0031 = 0x6f00f7ff :     qbne     __wait_dir_0_1_, R23, #0x00
pru0.p(  134) : 0x0032 = Label      : __skip_wait_dir_0_1_:
pru0.p(  134) : 0x0032 = 0x1d06fefe :     clr      r30, r30, 6
pru0.p(  134) : 0x0033 = 0x1f0ffefe :     set      r30, r30, 15
pru0.p(  134) : 0x0034 = 0x240180f7 :     mov      R23, #0x180
pru0.p(  134) : 0x0035 = Label      : __wait_pul_high_0_1_:
pru0.p(  134) : 0x0035 = 0x0501f7f7 :     sub      R23, R23, #0x01
pru0.p(  134) : 0x0036 = 0x6f00f7ff :     qbne     __wait_pul_high_0_1_, R23, #0x00
pru0.p(  134) : 0x0037 = 0x1d0ffefe :     clr      r30, r30, 15
pru0.p(  134) : 0x0038 = 0x240300f7 :     mov      R23, #0x300
pru0.p(  134) : 0x0039 = Label      : __wait_pul_low_0_1_:
pru0.p(  134) : 0x0039 = 0x0501f7f7 :     sub      R23, R23, #0x01
pru0.p(  134) : 0x003a = 0x6f00f7ff :     qbne     __wait_pul_low_0_1_, R23, #0x00
pru0.p(  136) : 0x003b = 0x00eef1f1 :     add      R17, R17, R14
pru0.p(  137) : 0x003c = 0x66f5f1eb :     qbgt     BACKWARD_STEPS, R17, R21
pru0.p(  138) : 0x003d = 0x209e0000 :     ret      
pru0.p(  140) : 0x003e = Label      : FORWARD:
pru0.p(  141) : 0x003e = 0x04f3eff4 :     sub      R20, R15, R19
pru0.p(  143) : 0x003f = Label      : FORWARD_LOOP:
pru0.p(  145) : 0x003f = 0x00edf2f2 :     add      R18, R18, R13
pru0.p(  146) : 0x0040 = 0x02ecf1f1 :     adc      R17, R17, R12
pru0.p(  148) : 0x0041 = 0x248000d5 :     mov      R21, #0x80000000
pru0.p(  148) : 0x0042 = 0x24000095 :     mov      R21, #0x80000000
pru0.p(  149) : 0x0043 = 0x00eef5f5 :     add      R21, R21, R14
pru0.p(  150) : 0x0044 = 0x70f5f102 :     qbge     FORWARD_CONTINUE, R17, R21
pru0.p(  151) : 0x0045 = 0x23004a9e :     call     FORWARD_STEPS
pru0.p(  153) : 0x0046 = Label      : FORWARD_CONTINUE:
pru0.p(  154) : 0x0046 = 0x5100f41b :     qbeq     CONTINUE, R20, #0x00
pru0.p(  155) : 0x0047 = 0x0501f4f4 :     sub      R20, R20, #0x01
pru0.p(  156) : 0x0048 = 0x6f00f4f7 :     qbne     FORWARD_LOOP, R20, #0x00
pru0.p(  158) : 0x0049 = 0x79000018 :     qba      CONTINUE
pru0.p(  160) : 0x004a = Label      : FORWARD_STEPS:
pru0.p(  161) : 0x004a = 0x0101f0f0 :     add      R16, R16, #0x01
pru0.p(  163) : 0x004b = 0x240001f8 :     mov      R24, 0x01
pru0.p(  164) : 0x004c = 0x50f8f609 :     qbeq     __skip_wait_dir_0_2_, R22, R24
pru0.p(  164) : 0x004d = 0x10f8f8f6 :     mov      R22, R24
pru0.p(  164) : 0x004e = 0x5100f803 :     qbeq     __set_dir_forw_0_2_, R24, #0x00
pru0.p(  164) : 0x004f = 0x1d0efefe :     clr      r30, r30, 14
pru0.p(  164) : 0x0050 = 0x79000002 :     qba      __set_dir_back_0_2_
pru0.p(  164) : 0x0051 = Label      : __set_dir_forw_0_2_:
pru0.p(  164) : 0x0051 = 0x1f0efefe :     set      r30, r30, 14
pru0.p(  164) : 0x0052 = Label      : __set_dir_back_0_2_:
pru0.p(  164) : 0x0052 = 0x241000f7 :     mov      R23, #0x1000
pru0.p(  164) : 0x0053 = Label      : __wait_dir_0_2_:
pru0.p(  164) : 0x0053 = 0x0501f7f7 :     sub      R23, R23, #0x01
pru0.p(  164) : 0x0054 = 0x6f00f7ff :     qbne     __wait_dir_0_2_, R23, #0x00
pru0.p(  164) : 0x0055 = Label      : __skip_wait_dir_0_2_:
pru0.p(  164) : 0x0055 = 0x1d06fefe :     clr      r30, r30, 6
pru0.p(  164) : 0x0056 = 0x1f0ffefe :     set      r30, r30, 15
pru0.p(  164) : 0x0057 = 0x240180f7 :     mov      R23, #0x180
pru0.p(  164) : 0x0058 = Label      : __wait_pul_high_0_2_:
pru0.p(  164) : 0x0058 = 0x0501f7f7 :     sub      R23, R23, #0x01
pru0.p(  164) : 0x0059 = 0x6f00f7ff :     qbne     __wait_pul_high_0_2_, R23, #0x00
pru0.p(  164) : 0x005a = 0x1d0ffefe :     clr      r30, r30, 15
pru0.p(  164) : 0x005b = 0x240300f7 :     mov      R23, #0x300
pru0.p(  164) : 0x005c = Label      : __wait_pul_low_0_2_:
pru0.p(  164) : 0x005c = 0x0501f7f7 :     sub      R23, R23, #0x01
pru0.p(  164) : 0x005d = 0x6f00f7ff :     qbne     __wait_pul_low_0_2_, R23, #0x00
pru0.p(  166) : 0x005e = 0x04eef1f1 :     sub      R17, R17, R14
pru0.p(  167) : 0x005f = 0x4ef5f1eb :     qblt     FORWARD_STEPS, R17, R21
pru0.p(  168) : 0x0060 = 0x209e0000 :     ret      
pru0.p(  171) : 0x0061 = Label      : CONTINUE:
pru0.p(  172) : 0x0061 = 0x10efeff3 :     mov      R19, R15
pru0.p(  174) : 0x0062 = 0x811cf88f :     sbco     r15, c24, 7*4, 4*4
pru0.p(  175) : 0x0063 = 0x7f0000ac :     qba      MAIN_LOOP
pru0.p(  177) : 0x0064 = Label      : EXIT:
pru0.p(  179) : 0x0064 = 0x1f06fefe :     set      r30, r30, 6
pru0.p(  180) : 0x0065 = 0x2400231f :     mov      r31.b0, 19+16
pru0.p(  181) : 0x0066 = 0x2a000000 :     halt     
